
Showing logs for build [32mcb-kubecd-environment-pr-237-5-hx7f8-1[0m stage [32mfrom-build-pack[0m and container [32mstep-credential-initializer-tnkrm[0m
{"level":"info","ts":1592561922.442848,"logger":"fallback-logger","caller":"logging/config.go:69","msg":"Fetch GitHub commit ID from kodata failed: open /var/run/ko/refs/heads/0.8.0-ns-support: no such file or directory"}
{"level":"info","ts":1592561922.443875,"logger":"fallback-logger","caller":"creds-init/main.go:40","msg":"Credentials initialized."}

Showing logs for build [32mcb-kubecd-environment-pr-237-5-hx7f8-1[0m stage [32mfrom-build-pack[0m and container [32mstep-working-dir-initializer-llckb[0m
{"level":"info","ts":1592561922.943099,"logger":"fallback-logger","caller":"logging/config.go:69","msg":"Fetch GitHub commit ID from kodata failed: open /var/run/ko/HEAD: no such file or directory"}
{"level":"info","ts":1592561922.9446046,"logger":"fallback-logger","caller":"bash/main.go:64","msg":"Successfully executed command \"sh -c mkdir -p /workspace/source\"; output "}

Showing logs for build [32mcb-kubecd-environment-pr-237-5-hx7f8-1[0m stage [32mfrom-build-pack[0m and container [32mstep-place-tools[0m

Showing logs for build [32mcb-kubecd-environment-pr-237-5-hx7f8-1[0m stage [32mfrom-build-pack[0m and container [32mstep-git-source-cb-kubecd-environment-pr-237-5-hx7f8-wdggt[0m
{"level":"info","ts":1592561927.0523765,"logger":"fallback-logger","caller":"logging/config.go:69","msg":"Fetch GitHub commit ID from kodata failed: open /var/run/ko/refs/heads/0.8.0-ns-support: no such file or directory"}
{"level":"info","ts":1592561928.1393013,"logger":"fallback-logger","caller":"git/git.go:103","msg":"Successfully cloned https://github.com/cb-kubecd/environment-pr-237-5-boot-gke-staging.git @ master in path /workspace/source"}

Showing logs for build [32mcb-kubecd-environment-pr-237-5-hx7f8-1[0m stage [32mfrom-build-pack[0m and container [32mstep-git-merge[0m
Using SHAs from PULL_REFS=master:acd763e7a68bd6ec3f6422d906f607f8815e209b,2:0d080c7340a25479a31ec3b3cdb7c2f513cec2c3
DEBUG: LC_ALL=C JX_LOG_LEVEL=error git fetch origin --unshallow 0d080c7340a25479a31ec3b3cdb7c2f513cec2c3: acd763e7a68bd6ec3f6422d906f607f8815e209b:
DEBUG: ran git fetch --unshallow origin 0d080c7340a25479a31ec3b3cdb7c2f513cec2c3: acd763e7a68bd6ec3f6422d906f607f8815e209b: in 
DEBUG: LC_ALL=C JX_LOG_LEVEL=error git branch
DEBUG: JX_LOG_LEVEL=error LC_ALL=C git checkout master
DEBUG: ran git checkout master in 
DEBUG: LC_ALL=C JX_LOG_LEVEL=error git reset --hard acd763e7a68bd6ec3f6422d906f607f8815e209b
DEBUG: ran git reset --hard acd763e7a68bd6ec3f6422d906f607f8815e209b in 
DEBUG: LC_ALL=C JX_LOG_LEVEL=error git clean -fd .
DEBUG: ran clean --force -d . in 
DEBUG: LC_ALL=C JX_LOG_LEVEL=error git merge 0d080c7340a25479a31ec3b3cdb7c2f513cec2c3
DEBUG: ran git merge 0d080c7340a25479a31ec3b3cdb7c2f513cec2c3 in 
DEBUG: JX_LOG_LEVEL=error LC_ALL=C git log --format=%H%x1f%an%x1f%ae%x1f%cn%x1f%ce%x1f%s%n%b%x1e acd763e7a68bd6ec3f6422d906f607f8815e209b..HEAD
Merged SHA 0d080c7340a25479a31ec3b3cdb7c2f513cec2c3 with commit message 'chore: Promote bdd-gh-1592561615 to version 0.0.1' into base branch master

Showing logs for build [32mcb-kubecd-environment-pr-237-5-hx7f8-1[0m stage [32mfrom-build-pack[0m and container [32mstep-build-helm-build[0m
WARNING: No $CHART_REPOSITORY defined so using the default value of: http://jenkins-x-chartmuseum:8080
Adding missing Helm repo: storage.googleapis.com https://storage.googleapis.com/chartmuseum.jenkins-x.io
WARNING: No secrets found on "helm/repos" due: reading the secret "helm/repos" from vault: no secret "helm/repos" not found in vault
Read credentials for https://storage.googleapis.com/chartmuseum.jenkins-x.io from vault helm/repos
Successfully added Helm repository storage.googleapis.com.
Adding missing Helm repo: jenkins-x-chartmuseum http://jenkins-x-chartmuseum:8080
WARNING: No secrets found on "helm/repos" due: reading the secret "helm/repos" from vault: no secret "helm/repos" not found in vault
Read credentials for http://jenkins-x-chartmuseum:8080 from vault helm/repos
Successfully added Helm repository jenkins-x-chartmuseum.
WARNING: No $CHART_REPOSITORY defined so using the default value of: http://jenkins-x-chartmuseum:8080
Adding missing Helm repo: chartmuseum.jenkins-x.io http://chartmuseum.jenkins-x.io
WARNING: No secrets found on "helm/repos" due: reading the secret "helm/repos" from vault: no secret "helm/repos" not found in vault
Read credentials for http://chartmuseum.jenkins-x.io from vault helm/repos
Successfully added Helm repository chartmuseum.jenkins-x.io.
