
Showing logs for build [32mcb-kubecd-environment-pr-237-5-7bk5s-1[0m stage [32mfrom-build-pack[0m and container [32mstep-credential-initializer-shk22[0m
{"level":"info","ts":1592565082.420372,"logger":"fallback-logger","caller":"logging/config.go:69","msg":"Fetch GitHub commit ID from kodata failed: open /var/run/ko/refs/heads/0.8.0-ns-support: no such file or directory"}
{"level":"info","ts":1592565082.4231138,"logger":"fallback-logger","caller":"creds-init/main.go:40","msg":"Credentials initialized."}

Showing logs for build [32mcb-kubecd-environment-pr-237-5-7bk5s-1[0m stage [32mfrom-build-pack[0m and container [32mstep-working-dir-initializer-wp2ns[0m
{"level":"info","ts":1592565083.3801951,"logger":"fallback-logger","caller":"logging/config.go:69","msg":"Fetch GitHub commit ID from kodata failed: open /var/run/ko/HEAD: no such file or directory"}
{"level":"info","ts":1592565083.382559,"logger":"fallback-logger","caller":"bash/main.go:64","msg":"Successfully executed command \"sh -c mkdir -p /workspace/source\"; output "}

Showing logs for build [32mcb-kubecd-environment-pr-237-5-7bk5s-1[0m stage [32mfrom-build-pack[0m and container [32mstep-place-tools[0m

Showing logs for build [32mcb-kubecd-environment-pr-237-5-7bk5s-1[0m stage [32mfrom-build-pack[0m and container [32mstep-git-source-cb-kubecd-environment-pr-237-5-7bk5s-sfgm6[0m
{"level":"info","ts":1592565087.6316545,"logger":"fallback-logger","caller":"logging/config.go:69","msg":"Fetch GitHub commit ID from kodata failed: open /var/run/ko/refs/heads/0.8.0-ns-support: no such file or directory"}
{"level":"info","ts":1592565088.6973574,"logger":"fallback-logger","caller":"git/git.go:103","msg":"Successfully cloned https://github.com/cb-kubecd/environment-pr-237-5-boot-gke-staging.git @ master in path /workspace/source"}

Showing logs for build [32mcb-kubecd-environment-pr-237-5-7bk5s-1[0m stage [32mfrom-build-pack[0m and container [32mstep-git-merge[0m
Using SHAs from PULL_REFS=master:9d1f622f092a27b641d53ea2080ee86c1a66be3f,6:3f9816de2d67a31864b024538fadf68d7ee5f3fd
DEBUG: LC_ALL=C JX_LOG_LEVEL=error git fetch origin --unshallow 3f9816de2d67a31864b024538fadf68d7ee5f3fd: 9d1f622f092a27b641d53ea2080ee86c1a66be3f:
DEBUG: ran git fetch --unshallow origin 3f9816de2d67a31864b024538fadf68d7ee5f3fd: 9d1f622f092a27b641d53ea2080ee86c1a66be3f: in 
DEBUG: LC_ALL=C JX_LOG_LEVEL=error git branch
DEBUG: LC_ALL=C JX_LOG_LEVEL=error git checkout master
DEBUG: ran git checkout master in 
DEBUG: LC_ALL=C JX_LOG_LEVEL=error git reset --hard 9d1f622f092a27b641d53ea2080ee86c1a66be3f
DEBUG: ran git reset --hard 9d1f622f092a27b641d53ea2080ee86c1a66be3f in 
DEBUG: LC_ALL=C JX_LOG_LEVEL=error git clean -fd .
DEBUG: ran clean --force -d . in 
DEBUG: LC_ALL=C JX_LOG_LEVEL=error git merge 3f9816de2d67a31864b024538fadf68d7ee5f3fd
DEBUG: ran git merge 3f9816de2d67a31864b024538fadf68d7ee5f3fd in 
DEBUG: LC_ALL=C JX_LOG_LEVEL=error git log --format=%H%x1f%an%x1f%ae%x1f%cn%x1f%ce%x1f%s%n%b%x1e 9d1f622f092a27b641d53ea2080ee86c1a66be3f..HEAD
Merged SHA 3f9816de2d67a31864b024538fadf68d7ee5f3fd with commit message 'chore: Promote bdd-sbhg-import-1592564084 to version 0.0.1' into base branch master

Showing logs for build [32mcb-kubecd-environment-pr-237-5-7bk5s-1[0m stage [32mfrom-build-pack[0m and container [32mstep-build-helm-build[0m
WARNING: No $CHART_REPOSITORY defined so using the default value of: http://jenkins-x-chartmuseum:8080
Adding missing Helm repo: storage.googleapis.com https://storage.googleapis.com/chartmuseum.jenkins-x.io
WARNING: No secrets found on "helm/repos" due: reading the secret "helm/repos" from vault: no secret "helm/repos" not found in vault
Read credentials for https://storage.googleapis.com/chartmuseum.jenkins-x.io from vault helm/repos
Successfully added Helm repository storage.googleapis.com.
Adding missing Helm repo: jenkins-x-chartmuseum http://jenkins-x-chartmuseum:8080
WARNING: No secrets found on "helm/repos" due: reading the secret "helm/repos" from vault: no secret "helm/repos" not found in vault
Read credentials for http://jenkins-x-chartmuseum:8080 from vault helm/repos
Successfully added Helm repository jenkins-x-chartmuseum.
WARNING: No $CHART_REPOSITORY defined so using the default value of: http://jenkins-x-chartmuseum:8080
Adding missing Helm repo: chartmuseum.jenkins-x.io http://chartmuseum.jenkins-x.io
WARNING: No secrets found on "helm/repos" due: reading the secret "helm/repos" from vault: no secret "helm/repos" not found in vault
Read credentials for http://chartmuseum.jenkins-x.io from vault helm/repos
Successfully added Helm repository chartmuseum.jenkins-x.io.
