
Showing logs for build [32mcb-kubecd-environment-pr-237-5-6n5lz-1[0m stage [32mfrom-build-pack[0m and container [32mstep-credential-initializer-7t4tc[0m
{"level":"info","ts":1592560830.4557421,"logger":"fallback-logger","caller":"logging/config.go:69","msg":"Fetch GitHub commit ID from kodata failed: open /var/run/ko/refs/heads/0.8.0-ns-support: no such file or directory"}
{"level":"info","ts":1592560830.4563253,"logger":"fallback-logger","caller":"creds-init/main.go:40","msg":"Credentials initialized."}

Showing logs for build [32mcb-kubecd-environment-pr-237-5-6n5lz-1[0m stage [32mfrom-build-pack[0m and container [32mstep-working-dir-initializer-2qpnq[0m
{"level":"info","ts":1592560831.4978905,"logger":"fallback-logger","caller":"logging/config.go:69","msg":"Fetch GitHub commit ID from kodata failed: open /var/run/ko/HEAD: no such file or directory"}
{"level":"info","ts":1592560831.50144,"logger":"fallback-logger","caller":"bash/main.go:64","msg":"Successfully executed command \"sh -c mkdir -p /workspace/source\"; output "}

Showing logs for build [32mcb-kubecd-environment-pr-237-5-6n5lz-1[0m stage [32mfrom-build-pack[0m and container [32mstep-place-tools[0m

Showing logs for build [32mcb-kubecd-environment-pr-237-5-6n5lz-1[0m stage [32mfrom-build-pack[0m and container [32mstep-git-source-cb-kubecd-environment-pr-237-5-6n5lz-fq7th[0m
{"level":"info","ts":1592560859.591649,"logger":"fallback-logger","caller":"logging/config.go:69","msg":"Fetch GitHub commit ID from kodata failed: open /var/run/ko/refs/heads/0.8.0-ns-support: no such file or directory"}
{"level":"info","ts":1592560860.6249413,"logger":"fallback-logger","caller":"git/git.go:103","msg":"Successfully cloned https://github.com/cb-kubecd/environment-pr-237-5-boot-gke-staging.git @ master in path /workspace/source"}

Showing logs for build [32mcb-kubecd-environment-pr-237-5-6n5lz-1[0m stage [32mfrom-build-pack[0m and container [32mstep-git-merge[0m
Using SHAs from PULL_REFS=master:08644bdc89da8c4c15b02c92bfe198b28cc29fbf,1:78247489b52f15e4d84a9a9dfb3293393232b864
DEBUG: JX_LOG_LEVEL=error LC_ALL=C git fetch origin --unshallow 78247489b52f15e4d84a9a9dfb3293393232b864: 08644bdc89da8c4c15b02c92bfe198b28cc29fbf:
DEBUG: ran git fetch --unshallow origin 78247489b52f15e4d84a9a9dfb3293393232b864: 08644bdc89da8c4c15b02c92bfe198b28cc29fbf: in 
DEBUG: LC_ALL=C JX_LOG_LEVEL=error git branch
DEBUG: LC_ALL=C JX_LOG_LEVEL=error git checkout master
DEBUG: ran git checkout master in 
DEBUG: LC_ALL=C JX_LOG_LEVEL=error git reset --hard 08644bdc89da8c4c15b02c92bfe198b28cc29fbf
DEBUG: ran git reset --hard 08644bdc89da8c4c15b02c92bfe198b28cc29fbf in 
DEBUG: LC_ALL=C JX_LOG_LEVEL=error git clean -fd .
DEBUG: ran clean --force -d . in 
DEBUG: LC_ALL=C JX_LOG_LEVEL=error git merge 78247489b52f15e4d84a9a9dfb3293393232b864
DEBUG: ran git merge 78247489b52f15e4d84a9a9dfb3293393232b864 in 
DEBUG: LC_ALL=C JX_LOG_LEVEL=error git log --format=%H%x1f%an%x1f%ae%x1f%cn%x1f%ce%x1f%s%n%b%x1e 08644bdc89da8c4c15b02c92bfe198b28cc29fbf..HEAD
Merged SHA 78247489b52f15e4d84a9a9dfb3293393232b864 with commit message 'chore: Promote bdd-spring-1592560350 to version 0.0.1' into base branch master

Showing logs for build [32mcb-kubecd-environment-pr-237-5-6n5lz-1[0m stage [32mfrom-build-pack[0m and container [32mstep-build-helm-build[0m
WARNING: No $CHART_REPOSITORY defined so using the default value of: http://jenkins-x-chartmuseum:8080
Adding missing Helm repo: storage.googleapis.com https://storage.googleapis.com/chartmuseum.jenkins-x.io
WARNING: No secrets found on "helm/repos" due: reading the secret "helm/repos" from vault: no secret "helm/repos" not found in vault
Read credentials for https://storage.googleapis.com/chartmuseum.jenkins-x.io from vault helm/repos
Successfully added Helm repository storage.googleapis.com.
Adding missing Helm repo: jenkins-x-chartmuseum http://jenkins-x-chartmuseum:8080
WARNING: No secrets found on "helm/repos" due: reading the secret "helm/repos" from vault: no secret "helm/repos" not found in vault
Read credentials for http://jenkins-x-chartmuseum:8080 from vault helm/repos
Successfully added Helm repository jenkins-x-chartmuseum.
WARNING: No $CHART_REPOSITORY defined so using the default value of: http://jenkins-x-chartmuseum:8080
Adding missing Helm repo: chartmuseum.jenkins-x.io http://chartmuseum.jenkins-x.io
WARNING: No secrets found on "helm/repos" due: reading the secret "helm/repos" from vault: no secret "helm/repos" not found in vault
Read credentials for http://chartmuseum.jenkins-x.io from vault helm/repos
Successfully added Helm repository chartmuseum.jenkins-x.io.
