
Showing logs for build [32mcb-kubecd-environment-pr-237-5-svzr9-1[0m stage [32mfrom-build-pack[0m and container [32mstep-credential-initializer-jgdjq[0m
{"level":"info","ts":1592563531.3012025,"logger":"fallback-logger","caller":"logging/config.go:69","msg":"Fetch GitHub commit ID from kodata failed: open /var/run/ko/refs/heads/0.8.0-ns-support: no such file or directory"}
{"level":"info","ts":1592563531.3018851,"logger":"fallback-logger","caller":"creds-init/main.go:40","msg":"Credentials initialized."}

Showing logs for build [32mcb-kubecd-environment-pr-237-5-svzr9-1[0m stage [32mfrom-build-pack[0m and container [32mstep-working-dir-initializer-tfwtd[0m
{"level":"info","ts":1592563532.6284957,"logger":"fallback-logger","caller":"logging/config.go:69","msg":"Fetch GitHub commit ID from kodata failed: open /var/run/ko/HEAD: no such file or directory"}
{"level":"info","ts":1592563532.6300993,"logger":"fallback-logger","caller":"bash/main.go:64","msg":"Successfully executed command \"sh -c mkdir -p /workspace/source\"; output "}

Showing logs for build [32mcb-kubecd-environment-pr-237-5-svzr9-1[0m stage [32mfrom-build-pack[0m and container [32mstep-place-tools[0m

Showing logs for build [32mcb-kubecd-environment-pr-237-5-svzr9-1[0m stage [32mfrom-build-pack[0m and container [32mstep-git-source-cb-kubecd-environment-pr-237-5-svzr9-d7sdz[0m
{"level":"info","ts":1592563536.815358,"logger":"fallback-logger","caller":"logging/config.go:69","msg":"Fetch GitHub commit ID from kodata failed: open /var/run/ko/refs/heads/0.8.0-ns-support: no such file or directory"}
{"level":"info","ts":1592563537.8518233,"logger":"fallback-logger","caller":"git/git.go:103","msg":"Successfully cloned https://github.com/cb-kubecd/environment-pr-237-5-boot-gke-staging.git @ master in path /workspace/source"}

Showing logs for build [32mcb-kubecd-environment-pr-237-5-svzr9-1[0m stage [32mfrom-build-pack[0m and container [32mstep-git-merge[0m
Using SHAs from PULL_REFS=master:e432c280289dfac27891a66bf836539061ffcaca,4:12211fb08cfb7d0a2bdfc3febe2d12a8e2ac723a
DEBUG: LC_ALL=C JX_LOG_LEVEL=error git fetch origin --unshallow 12211fb08cfb7d0a2bdfc3febe2d12a8e2ac723a: e432c280289dfac27891a66bf836539061ffcaca:
DEBUG: ran git fetch --unshallow origin 12211fb08cfb7d0a2bdfc3febe2d12a8e2ac723a: e432c280289dfac27891a66bf836539061ffcaca: in 
DEBUG: LC_ALL=C JX_LOG_LEVEL=error git branch
DEBUG: JX_LOG_LEVEL=error LC_ALL=C git checkout master
DEBUG: ran git checkout master in 
DEBUG: LC_ALL=C JX_LOG_LEVEL=error git reset --hard e432c280289dfac27891a66bf836539061ffcaca
DEBUG: ran git reset --hard e432c280289dfac27891a66bf836539061ffcaca in 
DEBUG: LC_ALL=C JX_LOG_LEVEL=error git clean -fd .
DEBUG: ran clean --force -d . in 
DEBUG: LC_ALL=C JX_LOG_LEVEL=error git merge 12211fb08cfb7d0a2bdfc3febe2d12a8e2ac723a
DEBUG: ran git merge 12211fb08cfb7d0a2bdfc3febe2d12a8e2ac723a in 
DEBUG: LC_ALL=C JX_LOG_LEVEL=error git log --format=%H%x1f%an%x1f%ae%x1f%cn%x1f%ce%x1f%s%n%b%x1e e432c280289dfac27891a66bf836539061ffcaca..HEAD
Merged SHA 12211fb08cfb7d0a2bdfc3febe2d12a8e2ac723a with commit message 'chore: Promote bdd-nh-1592561615 to version 0.0.1' into base branch master

Showing logs for build [32mcb-kubecd-environment-pr-237-5-svzr9-1[0m stage [32mfrom-build-pack[0m and container [32mstep-build-helm-build[0m
WARNING: No $CHART_REPOSITORY defined so using the default value of: http://jenkins-x-chartmuseum:8080
Adding missing Helm repo: storage.googleapis.com https://storage.googleapis.com/chartmuseum.jenkins-x.io
WARNING: No secrets found on "helm/repos" due: reading the secret "helm/repos" from vault: no secret "helm/repos" not found in vault
Read credentials for https://storage.googleapis.com/chartmuseum.jenkins-x.io from vault helm/repos
Successfully added Helm repository storage.googleapis.com.
Adding missing Helm repo: jenkins-x-chartmuseum http://jenkins-x-chartmuseum:8080
WARNING: No secrets found on "helm/repos" due: reading the secret "helm/repos" from vault: no secret "helm/repos" not found in vault
Read credentials for http://jenkins-x-chartmuseum:8080 from vault helm/repos
Successfully added Helm repository jenkins-x-chartmuseum.
WARNING: No $CHART_REPOSITORY defined so using the default value of: http://jenkins-x-chartmuseum:8080
Adding missing Helm repo: chartmuseum.jenkins-x.io http://chartmuseum.jenkins-x.io
WARNING: No secrets found on "helm/repos" due: reading the secret "helm/repos" from vault: no secret "helm/repos" not found in vault
Read credentials for http://chartmuseum.jenkins-x.io from vault helm/repos
Successfully added Helm repository chartmuseum.jenkins-x.io.
