
Showing logs for build [32mcb-kubecd-environment-pr-237-5-9ftrk-1[0m stage [32mfrom-build-pack[0m and container [32mstep-credential-initializer-pzx7w[0m
{"level":"info","ts":1592564435.463902,"logger":"fallback-logger","caller":"logging/config.go:69","msg":"Fetch GitHub commit ID from kodata failed: open /var/run/ko/refs/heads/0.8.0-ns-support: no such file or directory"}
{"level":"info","ts":1592564435.4646475,"logger":"fallback-logger","caller":"creds-init/main.go:40","msg":"Credentials initialized."}

Showing logs for build [32mcb-kubecd-environment-pr-237-5-9ftrk-1[0m stage [32mfrom-build-pack[0m and container [32mstep-working-dir-initializer-vq42k[0m
{"level":"info","ts":1592564436.2540703,"logger":"fallback-logger","caller":"logging/config.go:69","msg":"Fetch GitHub commit ID from kodata failed: open /var/run/ko/HEAD: no such file or directory"}
{"level":"info","ts":1592564436.2554214,"logger":"fallback-logger","caller":"bash/main.go:64","msg":"Successfully executed command \"sh -c mkdir -p /workspace/source\"; output "}

Showing logs for build [32mcb-kubecd-environment-pr-237-5-9ftrk-1[0m stage [32mfrom-build-pack[0m and container [32mstep-place-tools[0m

Showing logs for build [32mcb-kubecd-environment-pr-237-5-9ftrk-1[0m stage [32mfrom-build-pack[0m and container [32mstep-git-source-cb-kubecd-environment-pr-237-5-9ftrk-dml5p[0m
{"level":"info","ts":1592564442.4110522,"logger":"fallback-logger","caller":"logging/config.go:69","msg":"Fetch GitHub commit ID from kodata failed: open /var/run/ko/refs/heads/0.8.0-ns-support: no such file or directory"}
{"level":"info","ts":1592564443.523047,"logger":"fallback-logger","caller":"git/git.go:103","msg":"Successfully cloned https://github.com/cb-kubecd/environment-pr-237-5-boot-gke-staging.git @ master in path /workspace/source"}

Showing logs for build [32mcb-kubecd-environment-pr-237-5-9ftrk-1[0m stage [32mfrom-build-pack[0m and container [32mstep-git-merge[0m
Using SHAs from PULL_REFS=master:2c7a68026d31839fe60667a3115b275c4155c6af,5:a93b86ee44a222f2190b3b37cbef0ea64c965fc2
DEBUG: LC_ALL=C JX_LOG_LEVEL=error git fetch origin --unshallow a93b86ee44a222f2190b3b37cbef0ea64c965fc2: 2c7a68026d31839fe60667a3115b275c4155c6af:
DEBUG: ran git fetch --unshallow origin a93b86ee44a222f2190b3b37cbef0ea64c965fc2: 2c7a68026d31839fe60667a3115b275c4155c6af: in 
DEBUG: LC_ALL=C JX_LOG_LEVEL=error git branch
DEBUG: LC_ALL=C JX_LOG_LEVEL=error git checkout master
DEBUG: ran git checkout master in 
DEBUG: LC_ALL=C JX_LOG_LEVEL=error git reset --hard 2c7a68026d31839fe60667a3115b275c4155c6af
DEBUG: ran git reset --hard 2c7a68026d31839fe60667a3115b275c4155c6af in 
DEBUG: LC_ALL=C JX_LOG_LEVEL=error git clean -fd .
DEBUG: ran clean --force -d . in 
DEBUG: JX_LOG_LEVEL=error LC_ALL=C git merge a93b86ee44a222f2190b3b37cbef0ea64c965fc2
DEBUG: ran git merge a93b86ee44a222f2190b3b37cbef0ea64c965fc2 in 
DEBUG: LC_ALL=C JX_LOG_LEVEL=error git log --format=%H%x1f%an%x1f%ae%x1f%cn%x1f%ce%x1f%s%n%b%x1e 2c7a68026d31839fe60667a3115b275c4155c6af..HEAD
Merged SHA a93b86ee44a222f2190b3b37cbef0ea64c965fc2 with commit message 'chore: Promote bdd-ghf**y-import-1592564084 to version 0.0.1' into base branch master

Showing logs for build [32mcb-kubecd-environment-pr-237-5-9ftrk-1[0m stage [32mfrom-build-pack[0m and container [32mstep-build-helm-build[0m
WARNING: No $CHART_REPOSITORY defined so using the default value of: http://jenkins-x-chartmuseum:8080
Adding missing Helm repo: storage.googleapis.com https://storage.googleapis.com/chartmuseum.jenkins-x.io
WARNING: No secrets found on "helm/repos" due: reading the secret "helm/repos" from vault: no secret "helm/repos" not found in vault
Read credentials for https://storage.googleapis.com/chartmuseum.jenkins-x.io from vault helm/repos
Successfully added Helm repository storage.googleapis.com.
Adding missing Helm repo: jenkins-x-chartmuseum http://jenkins-x-chartmuseum:8080
WARNING: No secrets found on "helm/repos" due: reading the secret "helm/repos" from vault: no secret "helm/repos" not found in vault
Read credentials for http://jenkins-x-chartmuseum:8080 from vault helm/repos
Successfully added Helm repository jenkins-x-chartmuseum.
WARNING: No $CHART_REPOSITORY defined so using the default value of: http://jenkins-x-chartmuseum:8080
Adding missing Helm repo: chartmuseum.jenkins-x.io http://chartmuseum.jenkins-x.io
WARNING: No secrets found on "helm/repos" due: reading the secret "helm/repos" from vault: no secret "helm/repos" not found in vault
Read credentials for http://chartmuseum.jenkins-x.io from vault helm/repos
Successfully added Helm repository chartmuseum.jenkins-x.io.
